<?xml version="1.0" encoding="UTF-8"?>
<testng-results skipped="0" failed="0" ignored="0" total="2" passed="2">
  <reporter-output>
  </reporter-output>
  <suite name="Surefire suite" duration-ms="41" started-at="2019-07-31T17:16:06Z" finished-at="2019-07-31T17:16:06Z">
    <groups>
    </groups>
    <test name="Surefire test" duration-ms="41" started-at="2019-07-31T17:16:06Z" finished-at="2019-07-31T17:16:06Z">
      <class name="com.mycompany.app.SeleniumTest">
        <test-method status="PASS" signature="BrowserAutomation()[pri:0, instance:com.mycompany.app.SeleniumTest@21bcffb5]" name="BrowserAutomation" duration-ms="0" started-at="2019-07-31T17:16:06Z" finished-at="2019-07-31T17:16:06Z">
          <reporter-output>
          </reporter-output>
        </test-method> <!-- BrowserAutomation -->
      </class> <!-- com.mycompany.app.SeleniumTest -->
      <class name="com.mycompany.app.AppiumTest">
        <test-method status="PASS" signature="mobileAutomation()[pri:0, instance:com.mycompany.app.AppiumTest@5ebec15]" name="mobileAutomation" duration-ms="7" started-at="2019-07-31T17:16:06Z" finished-at="2019-07-31T17:16:06Z">
          <reporter-output>
          </reporter-output>
        </test-method> <!-- mobileAutomation -->
      </class> <!-- com.mycompany.app.AppiumTest -->
    </test> <!-- Surefire test -->
  </suite> <!-- Surefire suite -->
</testng-results>
